<?xml version="1.0" encoding="UTF-8"?>
<!-- Generated by org.testng.reporters.JUnitXMLReporter -->
<testsuite ignored="0" hostname="LTIN273503" failures="0" tests="6" name="ChromeTest" time="144.585" errors="0" timestamp="2024-02-28T16:38:55 IST">
  <testcase classname="Testcase.Alltestcase" name="TC_001_verifyCurrenturl" time="0.633"/>
  <testcase classname="Testcase.Alltestcase" name="TC_002_getting_DoctorList" time="51.825"/>
  <testcase classname="Testcase.Alltestcase" name="TC_007_surgeries" time="6.173"/>
  <testcase classname="Testcase.Alltestcase" name="TC_008_passingInvalidEmail" time="8.027"/>
  <testcase classname="Testcase.Alltestcase" name="TC_009_passingInvalidPhoneNumber" time="4.408"/>
  <testcase classname="Testcase.Alltestcase" name="TC_010_printingThankyou" time="13.751"/>
</testsuite> <!-- ChromeTest -->
