<?xml version="1.0" encoding="UTF-8"?>
<!-- Generated by org.testng.reporters.JUnitXMLReporter -->
<testsuite ignored="0" hostname="LTIN273503" failures="0" tests="10" name="MicrosoftEdge" time="12.495" errors="0" timestamp="2024-02-23T11:40:11 IST">
  <testcase classname="Testcase.Alltestcase" name="TC_001_verifyCurrenturl" time="0.0">
    <skipped/>
  </testcase> <!-- TC_001_verifyCurrenturl -->
  <testcase classname="Testcase.Alltestcase" name="TC_002_getting_DoctorList" time="0.0">
    <skipped/>
  </testcase> <!-- TC_002_getting_DoctorList -->
  <testcase classname="Testcase.Alltestcase" name="TC_003_doctor2" time="0.0">
    <skipped/>
  </testcase> <!-- TC_003_doctor2 -->
  <testcase classname="Testcase.Alltestcase" name="TC_004_doctor3" time="0.0">
    <skipped/>
  </testcase> <!-- TC_004_doctor3 -->
  <testcase classname="Testcase.Alltestcase" name="TC_005_doctor4" time="0.0">
    <skipped/>
  </testcase> <!-- TC_005_doctor4 -->
  <testcase classname="Testcase.Alltestcase" name="TC_006_doctor5" time="0.0">
    <skipped/>
  </testcase> <!-- TC_006_doctor5 -->
  <testcase classname="Testcase.Alltestcase" name="TC_007_surgeries" time="0.0">
    <skipped/>
  </testcase> <!-- TC_007_surgeries -->
  <testcase classname="Testcase.Alltestcase" name="TC_008_passingInvalidEmail" time="0.0">
    <skipped/>
  </testcase> <!-- TC_008_passingInvalidEmail -->
  <testcase classname="Testcase.Alltestcase" name="TC_009_passingInvalidPhoneNumber" time="0.0">
    <skipped/>
  </testcase> <!-- TC_009_passingInvalidPhoneNumber -->
  <testcase classname="Testcase.Alltestcase" name="TC_010_printingThankyou" time="0.0">
    <skipped/>
  </testcase> <!-- TC_010_printingThankyou -->
</testsuite> <!-- MicrosoftEdge -->
