<?xml version="1.0" encoding="UTF-8"?>
<testng-results ignored="0" total="6" passed="6" failed="0" skipped="0">
  <reporter-output>
  </reporter-output>
  <suite started-at="2024-02-28T16:36:30 IST" name="Suite" finished-at="2024-02-28T16:38:54 IST" duration-ms="144585">
    <groups>
    </groups>
    <test started-at="2024-02-28T16:36:30 IST" name="ChromeTest" finished-at="2024-02-28T16:38:54 IST" duration-ms="144585">
      <class name="Testcase.Alltestcase">
        <test-method is-config="true" signature="Browserlaunch(java.lang.String,java.lang.String)[pri:0, instance:Testcase.Alltestcase@7c7a06ec]" started-at="2024-02-28T16:36:31 IST" name="Browserlaunch" finished-at="2024-02-28T16:37:30 IST" duration-ms="58912" status="PASS">
          <params>
            <param index="0">
              <value>
                <![CDATA[Chrome]]>
              </value>
            </param>
            <param index="1">
              <value>
                <![CDATA[windows]]>
              </value>
            </param>
          </params>
          <reporter-output>
          </reporter-output>
        </test-method> <!-- Browserlaunch -->
        <test-method signature="TC_001_verifyCurrenturl()[pri:0, instance:Testcase.Alltestcase@7c7a06ec]" started-at="2024-02-28T16:37:30 IST" name="TC_001_verifyCurrenturl" finished-at="2024-02-28T16:37:30 IST" duration-ms="633" status="PASS">
          <reporter-output>
          </reporter-output>
        </test-method> <!-- TC_001_verifyCurrenturl -->
        <test-method signature="TC_002_getting_DoctorList()[pri:1, instance:Testcase.Alltestcase@7c7a06ec]" started-at="2024-02-28T16:37:30 IST" name="TC_002_getting_DoctorList" finished-at="2024-02-28T16:38:22 IST" duration-ms="51825" status="PASS">
          <reporter-output>
          </reporter-output>
        </test-method> <!-- TC_002_getting_DoctorList -->
        <test-method signature="TC_007_surgeries()[pri:6, instance:Testcase.Alltestcase@7c7a06ec]" started-at="2024-02-28T16:38:22 IST" name="TC_007_surgeries" finished-at="2024-02-28T16:38:28 IST" duration-ms="6173" status="PASS">
          <reporter-output>
          </reporter-output>
        </test-method> <!-- TC_007_surgeries -->
        <test-method signature="TC_008_passingInvalidEmail()[pri:7, instance:Testcase.Alltestcase@7c7a06ec]" started-at="2024-02-28T16:38:28 IST" name="TC_008_passingInvalidEmail" finished-at="2024-02-28T16:38:36 IST" duration-ms="8027" status="PASS">
          <reporter-output>
          </reporter-output>
        </test-method> <!-- TC_008_passingInvalidEmail -->
        <test-method signature="TC_009_passingInvalidPhoneNumber()[pri:8, instance:Testcase.Alltestcase@7c7a06ec]" started-at="2024-02-28T16:38:36 IST" name="TC_009_passingInvalidPhoneNumber" finished-at="2024-02-28T16:38:41 IST" duration-ms="4408" status="PASS">
          <reporter-output>
          </reporter-output>
        </test-method> <!-- TC_009_passingInvalidPhoneNumber -->
        <test-method signature="TC_010_printingThankyou()[pri:9, instance:Testcase.Alltestcase@7c7a06ec]" started-at="2024-02-28T16:38:41 IST" name="TC_010_printingThankyou" finished-at="2024-02-28T16:38:54 IST" duration-ms="13751" status="PASS">
          <reporter-output>
          </reporter-output>
        </test-method> <!-- TC_010_printingThankyou -->
        <test-method is-config="true" signature="closeBrowser()[pri:0, instance:Testcase.Alltestcase@7c7a06ec]" started-at="2024-02-28T16:38:54 IST" name="closeBrowser" finished-at="2024-02-28T16:38:54 IST" duration-ms="1" status="PASS">
          <reporter-output>
          </reporter-output>
        </test-method> <!-- closeBrowser -->
      </class> <!-- Testcase.Alltestcase -->
    </test> <!-- ChromeTest -->
  </suite> <!-- Suite -->
</testng-results>
